<?xml version="1.0" encoding="UTF-8"?>
<!-- Generated by org.testng.reporters.JUnitReportReporter -->
<testsuite skipped="0" hostname="Nazmul_Lenovo" name="VariousConcept.LearnTestNG" tests="1" failures="0" timestamp="2022-01-09T17:33:00 CST" time="7.378" errors="0">
  <testcase name="addCustomerTest" time="7.378" classname="VariousConcept.LearnTestNG"/>
  <system-out/>
</testsuite> <!-- VariousConcept.LearnTestNG -->
